0 info it worked if it ends with ok
1 verbose cli [ '/usr/bin/node',
1 verbose cli   '/usr/bin/npm',
1 verbose cli   'install',
1 verbose cli   '-g',
1 verbose cli   'socket.io',
1 verbose cli   'npm@3.10.10' ]
2 info using npm@3.5.2
3 info using node@v8.10.0
4 silly loadCurrentTree Starting
5 silly install loadCurrentTree
6 silly install readGlobalPackageData
7 silly fetchPackageMetaData socket.io
8 silly fetchPackageMetaData npm@3.10.10
9 silly fetchNamedPackageData npm
10 silly mapToRegistry name npm
11 silly mapToRegistry using default registry
12 silly mapToRegistry registry https://registry.npmjs.org/
13 silly mapToRegistry uri https://registry.npmjs.org/npm
14 silly fetchNamedPackageData socket.io
15 silly mapToRegistry name socket.io
16 silly mapToRegistry using default registry
17 silly mapToRegistry registry https://registry.npmjs.org/
18 silly mapToRegistry uri https://registry.npmjs.org/socket.io
19 verbose request uri https://registry.npmjs.org/socket.io
20 verbose request no auth needed
21 info attempt registry request try #1 at 1:45:34 PM
22 verbose request id 7e334acfcc342545
23 verbose etag W/"7583d3fa075fccb4b9e38af6dab5dcb1"
24 verbose lastModified Sat, 10 Jul 2021 10:14:40 GMT
25 http request GET https://registry.npmjs.org/socket.io
26 verbose request uri https://registry.npmjs.org/npm
27 verbose request no auth needed
28 info attempt registry request try #1 at 1:45:34 PM
29 verbose etag W/"46ad27446194bc52ebde17a7bd1a05c4"
30 verbose lastModified Thu, 15 Jul 2021 19:53:04 GMT
31 http request GET https://registry.npmjs.org/npm
32 http 304 https://registry.npmjs.org/socket.io
33 verbose headers { date: 'Fri, 16 Jul 2021 13:45:34 GMT',
33 verbose headers   connection: 'keep-alive',
33 verbose headers   'cf-ray': '66fbabf7486f0f98-ICN',
33 verbose headers   age: '6358',
33 verbose headers   'cache-control': 'public, max-age=300',
33 verbose headers   etag: '"7583d3fa075fccb4b9e38af6dab5dcb1"',
33 verbose headers   'last-modified': 'Sat, 10 Jul 2021 10:14:40 GMT',
33 verbose headers   vary: 'Accept-Encoding',
33 verbose headers   'cf-cache-status': 'HIT',
33 verbose headers   'expect-ct': 'max-age=604800, report-uri="https://report-uri.cloudflare.com/cdn-cgi/beacon/expect-ct"',
33 verbose headers   server: 'cloudflare' }
34 silly get cb [ 304,
34 silly get   { date: 'Fri, 16 Jul 2021 13:45:34 GMT',
34 silly get     connection: 'keep-alive',
34 silly get     'cf-ray': '66fbabf7486f0f98-ICN',
34 silly get     age: '6358',
34 silly get     'cache-control': 'public, max-age=300',
34 silly get     etag: '"7583d3fa075fccb4b9e38af6dab5dcb1"',
34 silly get     'last-modified': 'Sat, 10 Jul 2021 10:14:40 GMT',
34 silly get     vary: 'Accept-Encoding',
34 silly get     'cf-cache-status': 'HIT',
34 silly get     'expect-ct': 'max-age=604800, report-uri="https://report-uri.cloudflare.com/cdn-cgi/beacon/expect-ct"',
34 silly get     server: 'cloudflare' } ]
35 verbose etag https://registry.npmjs.org/socket.io from cache
36 verbose get saving socket.io to /root/.npm/registry.npmjs.org/socket.io/.cache.json
37 http 304 https://registry.npmjs.org/npm
38 verbose headers { date: 'Fri, 16 Jul 2021 13:45:34 GMT',
38 verbose headers   connection: 'keep-alive',
38 verbose headers   'cf-ray': '66fbabf77be2015c-ICN',
38 verbose headers   age: '5291',
38 verbose headers   'cache-control': 'public, max-age=300',
38 verbose headers   etag: '"46ad27446194bc52ebde17a7bd1a05c4"',
38 verbose headers   'last-modified': 'Thu, 15 Jul 2021 19:53:04 GMT',
38 verbose headers   vary: 'Accept-Encoding',
38 verbose headers   'cf-cache-status': 'HIT',
38 verbose headers   'expect-ct': 'max-age=604800, report-uri="https://report-uri.cloudflare.com/cdn-cgi/beacon/expect-ct"',
38 verbose headers   'x-amz-replication-status': 'COMPLETED',
38 verbose headers   server: 'cloudflare' }
39 silly get cb [ 304,
39 silly get   { date: 'Fri, 16 Jul 2021 13:45:34 GMT',
39 silly get     connection: 'keep-alive',
39 silly get     'cf-ray': '66fbabf77be2015c-ICN',
39 silly get     age: '5291',
39 silly get     'cache-control': 'public, max-age=300',
39 silly get     etag: '"46ad27446194bc52ebde17a7bd1a05c4"',
39 silly get     'last-modified': 'Thu, 15 Jul 2021 19:53:04 GMT',
39 silly get     vary: 'Accept-Encoding',
39 silly get     'cf-cache-status': 'HIT',
39 silly get     'expect-ct': 'max-age=604800, report-uri="https://report-uri.cloudflare.com/cdn-cgi/beacon/expect-ct"',
39 silly get     'x-amz-replication-status': 'COMPLETED',
39 silly get     server: 'cloudflare' } ]
40 verbose etag https://registry.npmjs.org/npm from cache
41 verbose get saving npm to /root/.npm/registry.npmjs.org/npm/.cache.json
42 silly install normalizeTree
43 silly loadCurrentTree Finishing
44 silly loadIdealTree Starting
45 silly install loadIdealTree
46 silly cloneCurrentTree Starting
47 silly install cloneCurrentTreeToIdealTree
48 silly cloneCurrentTree Finishing
49 silly loadShrinkwrap Starting
50 silly install loadShrinkwrap
51 silly loadShrinkwrap Finishing
52 silly loadAllDepsIntoIdealTree Starting
53 silly install loadAllDepsIntoIdealTree
54 verbose stack Error: Missing required argument #1
54 verbose stack     at andLogAndFinish (/usr/share/npm/lib/fetch-package-metadata.js:31:3)
54 verbose stack     at fetchPackageMetadata (/usr/share/npm/lib/fetch-package-metadata.js:51:22)
54 verbose stack     at resolveWithNewModule (/usr/share/npm/lib/install/deps.js:456:12)
54 verbose stack     at /usr/share/npm/lib/install/deps.js:190:5
54 verbose stack     at /usr/share/npm/node_modules/slide/lib/async-map.js:52:35
54 verbose stack     at Array.forEach (<anonymous>)
54 verbose stack     at /usr/share/npm/node_modules/slide/lib/async-map.js:52:11
54 verbose stack     at Array.forEach (<anonymous>)
54 verbose stack     at asyncMap (/usr/share/npm/node_modules/slide/lib/async-map.js:51:8)
54 verbose stack     at exports.loadRequestedDeps (/usr/share/npm/lib/install/deps.js:188:3)
55 verbose cwd /root/auction
56 error Linux 4.15.0-122-generic
57 error argv "/usr/bin/node" "/usr/bin/npm" "install" "-g" "socket.io" "npm@3.10.10"
58 error node v8.10.0
59 error npm  v3.5.2
60 error code EMISSINGARG
61 error typeerror Error: Missing required argument #1
61 error typeerror     at andLogAndFinish (/usr/share/npm/lib/fetch-package-metadata.js:31:3)
61 error typeerror     at fetchPackageMetadata (/usr/share/npm/lib/fetch-package-metadata.js:51:22)
61 error typeerror     at resolveWithNewModule (/usr/share/npm/lib/install/deps.js:456:12)
61 error typeerror     at /usr/share/npm/lib/install/deps.js:190:5
61 error typeerror     at /usr/share/npm/node_modules/slide/lib/async-map.js:52:35
61 error typeerror     at Array.forEach (<anonymous>)
61 error typeerror     at /usr/share/npm/node_modules/slide/lib/async-map.js:52:11
61 error typeerror     at Array.forEach (<anonymous>)
61 error typeerror     at asyncMap (/usr/share/npm/node_modules/slide/lib/async-map.js:51:8)
61 error typeerror     at exports.loadRequestedDeps (/usr/share/npm/lib/install/deps.js:188:3)
62 error typeerror This is an error with npm itself. Please report this error at:
62 error typeerror     <http://github.com/npm/npm/issues>
63 verbose exit [ 1, true ]
